<?xml version="1.0" encoding="UTF-8"?>
<!-- Generated by org.testng.reporters.JUnitXMLReporter -->
<testsuite hostname="DESKTOP-RTOOT5Q" ignored="2" name="Delete Portfolio Test" tests="1" failures="0" timestamp="2021-02-14T14:03:25 IST" time="0.107" errors="0">
  <testcase name="@BeforeTest beforeTest" time="0.01" classname="testbase.BaseTest">
    <failure type="java.lang.NullPointerException">
      <![CDATA[java.lang.NullPointerException
at keywords.GenericKeywords.log(GenericKeywords.java:158)
at keywords.GenericKeywords.openBrowser(GenericKeywords.java:42)
at testbase.BaseTest.beforeTest(BaseTest.java:38)
... Removed 24 stack frames]]>
    </failure>
  </testcase> <!-- @BeforeTest beforeTest -->
  <testcase name="@AfterTest quit" time="-1.613291605331E9" classname="testbase.BaseTest">
    <skipped/>
  </testcase> <!-- @AfterTest quit -->
  <testcase name="deletePortfolio" time="0.0" classname="testcases.rediff.PortfolioManagement">
    <skipped/>
  </testcase> <!-- deletePortfolio -->
  <testcase name="selectPortFolio" time="0.0" classname="testcases.rediff.PortfolioManagement">
    <ignored/>
  </testcase> <!-- selectPortFolio -->
  <testcase name="createPortfolio" time="0.0" classname="testcases.rediff.PortfolioManagement">
    <ignored/>
  </testcase> <!-- createPortfolio -->
</testsuite> <!-- Delete Portfolio Test -->
