<?xml version="1.0" encoding="UTF-8"?>
<!-- Generated by org.testng.reporters.JUnitXMLReporter -->
<testsuite hostname="DESKTOP-RTOOT5Q" ignored="2" name="Create Portfolio Test" tests="1" failures="1" timestamp="2021-02-16T07:36:03 IST" time="55.212" errors="0">
  <testcase name="createPortfolio" time="2.605" classname="testcases.rediff.PortfolioManagement">
    <failure type="java.lang.AssertionError" message="The following asserts failed:
	OptionPortfolioAshish100 not present in Drop Down portfolioid_dropdown_id">
      <![CDATA[java.lang.AssertionError: The following asserts failed:
OptionPortfolioAshish100 not present in Drop Down portfolioid_dropdown_id
at keywords.GenericKeywords.assertAll(GenericKeywords.java:199)
at keywords.GenericKeywords.reportFailure(GenericKeywords.java:194)
at keywords.ValidationKeywords.validateSelectedValueInDropDown(ValidationKeywords.java:29)
at testcases.rediff.PortfolioManagement.createPortfolio(PortfolioManagement.java:20)
at java.util.ArrayList.forEach(ArrayList.java:1234)
at java.util.concurrent.FutureTask.run(FutureTask.java:266)
at java.util.concurrent.ThreadPoolExecutor.runWorker(ThreadPoolExecutor.java:1142)
at java.util.concurrent.ThreadPoolExecutor$Worker.run(ThreadPoolExecutor.java:617)
at java.lang.Thread.run(Thread.java:745)
... Removed 22 stack frames]]>
    </failure>
  </testcase> <!-- createPortfolio -->
  <testcase name="deletePortfolio" time="0.0" classname="testcases.rediff.PortfolioManagement">
    <ignored/>
  </testcase> <!-- deletePortfolio -->
  <testcase name="selectPortFolio" time="0.0" classname="testcases.rediff.PortfolioManagement">
    <ignored/>
  </testcase> <!-- selectPortFolio -->
</testsuite> <!-- Create Portfolio Test -->
