<?xml version="1.0" encoding="UTF-8" ?>
<testsuite tests="18" failures="5" name="TestSuite" time="94.294" errors="0" skipped="2">
  <properties>
[...]
</properties>
  <testcase classname="testcases.rediff.PortfolioManagement" name="createPortfolio" time="1.535">
    <failure message="The following asserts failed:
	OptionPortfolio1202611 not present in Drop Down portfolioid_dropdown_id" type="java.lang.AssertionError">java.lang.AssertionError: The following asserts failed:
	OptionPortfolio1202611 not present in Drop Down portfolioid_dropdown_id
	at org.testng.asserts.SoftAssert.assertAll(SoftAssert.java:47)
	at org.testng.asserts.SoftAssert.assertAll(SoftAssert.java:31)
	at keywords.GenericKeywords.assertAll(GenericKeywords.java:174)
	at keywords.GenericKeywords.reportFailure(GenericKeywords.java:169)
	at keywords.ValidationKeywords.validateSelectedValueInDropDown(ValidationKeywords.java:29)
	at testcases.rediff.PortfolioManagement.createPortfolio(PortfolioManagement.java:20)
</failure>
    <system-out>[TestNG] [WARN] Ignoring duplicate listener : listener.MyTestNGListener
----------Before Test---------
Mon Feb 15 07-28-56 IST 2021
D:\Whizdom-Trainings\Online Training Workspace\SeleniumDec2020\DataDrivenFramework//reports//Mon Feb 15 07-28-56 IST 2021//screenshots
Opening The Browser Chrome
Navigating to url
Typing in username_css . Data ashishthakur1983
Checking presence of username_css
Typing in password_xpath . Data pass@1234
Checking presence of password_xpath
Clicking on login_submit_id
Checking presence of login_submit_id
complete
1
0
****Before Method****
Creating Profolio
Clicking on createPortfolio_id
Checking presence of createPortfolio_id
Clearing text field porfolioname_id
Checking presence of porfolioname_id
Typing in porfolioname_id . Data Portfolio1202611
Checking presence of porfolioname_id
Clicking on createPortfolioButton_css
Checking presence of createPortfolioButton_css
complete
0
Checking presence of portfolioid_dropdown_id
OptionPortfolio1202611 not present in Drop Down portfolioid_dropdown_id
***************************Test FailedcreatePortfolio
The following asserts failed:
	OptionPortfolio1202611 not present in Drop Down portfolioid_dropdown_id
</system-out>
    <system-err>SLF4J: Failed to load class &quot;org.slf4j.impl.StaticLoggerBinder&quot;.
SLF4J: Defaulting to no-operation (NOP) logger implementation
SLF4J: See http://www.slf4j.org/codes.html#StaticLoggerBinder for further details.
Starting ChromeDriver 87.0.4280.88 (89e2380a3e36c3464b5dd1302349b1382549290d-refs/branch-heads/4280@{#1761}) on port 36496
Only local connections are allowed.
Please see https://chromedriver.chromium.org/security-considerations for suggestions on keeping ChromeDriver safe.
ChromeDriver was started successfully.
[1613354346.146][WARNING]: This version of ChromeDriver has not been tested with Chrome version 88.
Feb 15, 2021 7:29:10 AM org.openqa.selenium.remote.ProtocolHandshake createSession
INFO: Detected dialect: W3C
Feb 15, 2021 7:29:11 AM org.openqa.selenium.devtools.CdpVersionFinder findNearestMatch
WARNING: Unable to find an exact match for CDP version 88, so returning the closest version found: 86
Feb 15, 2021 7:29:11 AM org.openqa.selenium.devtools.CdpVersionFinder findNearestMatch
INFO: Found CDP implementation for version 88 of 86
</system-err>
  </testcase>
  <testcase classname="testcases.rediff.PortfolioManagement" name="deletePortfolio" time="20.148">
    <failure message="Cannot locate option with text: Portfolio12027
For documentation on this error, please visit: https://selenium.dev/exceptions/#no_such_element
Build info: version: &apos;4.0.0-alpha-7&apos;, revision: &apos;de8579b6d5&apos;
System info: host: &apos;DESKTOP-RTOOT5Q&apos;, ip: &apos;192.168.1.7&apos;, os.name: &apos;Windows 8.1&apos;, os.arch: &apos;amd64&apos;, os.version: &apos;6.3&apos;, java.version: &apos;1.8.0_05&apos;
Driver info: driver.version: unknown" type="org.openqa.selenium.NoSuchElementException">org.openqa.selenium.NoSuchElementException: Cannot locate option with text: Portfolio12027
For documentation on this error, please visit: https://selenium.dev/exceptions/#no_such_element
Build info: version: &apos;4.0.0-alpha-7&apos;, revision: &apos;de8579b6d5&apos;
System info: host: &apos;DESKTOP-RTOOT5Q&apos;, ip: &apos;192.168.1.7&apos;, os.name: &apos;Windows 8.1&apos;, os.arch: &apos;amd64&apos;, os.version: &apos;6.3&apos;, java.version: &apos;1.8.0_05&apos;
Driver info: driver.version: unknown
	at org.openqa.selenium.support.ui.Select.selectByVisibleText(Select.java:151)
	at keywords.GenericKeywords.selectByVisibleText(GenericKeywords.java:86)
	at testcases.rediff.PortfolioManagement.deletePortfolio(PortfolioManagement.java:30)
</failure>
    <system-out>----------Before Test---------
Opening The Browser Chrome
Navigating to url
Typing in username_css . Data ashishthakur1983
Checking presence of username_css
Typing in password_xpath . Data pass@1234
Checking presence of password_xpath
Clicking on login_submit_id
Checking presence of login_submit_id
complete
1
0
****Before Method****
Deleting Profolio
Checking presence of portfolioid_dropdown_id
***************************Test FaileddeletePortfolio
Cannot locate option with text: Portfolio12027
For documentation on this error, please visit: https://selenium.dev/exceptions/#no_such_element
Build info: version: &apos;4.0.0-alpha-7&apos;, revision: &apos;de8579b6d5&apos;
System info: host: &apos;DESKTOP-RTOOT5Q&apos;, ip: &apos;192.168.1.7&apos;, os.name: &apos;Windows 8.1&apos;, os.arch: &apos;amd64&apos;, os.version: &apos;6.3&apos;, java.version: &apos;1.8.0_05&apos;
Driver info: driver.version: unknown
</system-out>
    <system-err>Starting ChromeDriver 87.0.4280.88 (89e2380a3e36c3464b5dd1302349b1382549290d-refs/branch-heads/4280@{#1761}) on port 38224
Only local connections are allowed.
Please see https://chromedriver.chromium.org/security-considerations for suggestions on keeping ChromeDriver safe.
ChromeDriver was started successfully.
[1613354371.115][WARNING]: This version of ChromeDriver has not been tested with Chrome version 88.
Feb 15, 2021 7:29:33 AM org.openqa.selenium.remote.ProtocolHandshake createSession
INFO: Detected dialect: W3C
Feb 15, 2021 7:29:33 AM org.openqa.selenium.devtools.CdpVersionFinder findNearestMatch
WARNING: Unable to find an exact match for CDP version 88, so returning the closest version found: 86
Feb 15, 2021 7:29:33 AM org.openqa.selenium.devtools.CdpVersionFinder findNearestMatch
INFO: Found CDP implementation for version 88 of 86
</system-err>
  </testcase>
  <testcase classname="testcases.rediff.PortfolioManagement" name="selectPortFolio" time="1.937"/>
  <testcase classname="testcases.rediff.StockManagement" name="addNewStock" time="9.481"/>
  <testcase classname="testcases.rediff.StockManagement" name="verifyStockPresent" time="0.227"/>
  <testcase classname="testcases.rediff.StockManagement" name="verifyStockQuantity" time="0.206"/>
  <testcase classname="testcases.rediff.StockManagement" name="verifyTransactionHistory" time="20.639">
    <failure message="element not interactable
  (Session info: chrome=88.0.4324.150)
Build info: version: &apos;4.0.0-alpha-7&apos;, revision: &apos;de8579b6d5&apos;
System info: host: &apos;DESKTOP-RTOOT5Q&apos;, ip: &apos;192.168.1.7&apos;, os.name: &apos;Windows 8.1&apos;, os.arch: &apos;amd64&apos;, os.version: &apos;6.3&apos;, java.version: &apos;1.8.0_05&apos;
Driver info: org.openqa.selenium.chrome.ChromeDriver
Capabilities {acceptInsecureCerts: false, browserName: chrome, browserVersion: 88.0.4324.150, chrome: {chromedriverVersion: 87.0.4280.88 (89e2380a3e36c..., userDataDir: C:\Users\info\AppData\Local...}, goog:chromeOptions: {debuggerAddress: localhost:55067}, javascriptEnabled: true, networkConnectionEnabled: false, pageLoadStrategy: normal, platform: WINDOWS, platformName: WINDOWS, proxy: Proxy(), setWindowRect: true, strictFileInteractability: false, timeouts: {implicit: 0, pageLoad: 300000, script: 30000}, unhandledPromptBehavior: dismiss and notify, webauthn:virtualAuthenticators: true}
Session ID: c3bcb99cb9fb4fe39affae1e19bfb46d" type="org.openqa.selenium.ElementNotInteractableException">org.openqa.selenium.ElementNotInteractableException: element not interactable
  (Session info: chrome=88.0.4324.150)
Build info: version: &apos;4.0.0-alpha-7&apos;, revision: &apos;de8579b6d5&apos;
System info: host: &apos;DESKTOP-RTOOT5Q&apos;, ip: &apos;192.168.1.7&apos;, os.name: &apos;Windows 8.1&apos;, os.arch: &apos;amd64&apos;, os.version: &apos;6.3&apos;, java.version: &apos;1.8.0_05&apos;
Driver info: org.openqa.selenium.chrome.ChromeDriver
Capabilities {acceptInsecureCerts: false, browserName: chrome, browserVersion: 88.0.4324.150, chrome: {chromedriverVersion: 87.0.4280.88 (89e2380a3e36c..., userDataDir: C:\Users\info\AppData\Local...}, goog:chromeOptions: {debuggerAddress: localhost:55067}, javascriptEnabled: true, networkConnectionEnabled: false, pageLoadStrategy: normal, platform: WINDOWS, platformName: WINDOWS, proxy: Proxy(), setWindowRect: true, strictFileInteractability: false, timeouts: {implicit: 0, pageLoad: 300000, script: 30000}, unhandledPromptBehavior: dismiss and notify, webauthn:virtualAuthenticators: true}
Session ID: c3bcb99cb9fb4fe39affae1e19bfb46d
	at sun.reflect.NativeConstructorAccessorImpl.newInstance0(Native Method)
	at sun.reflect.NativeConstructorAccessorImpl.newInstance(NativeConstructorAccessorImpl.java:62)
	at sun.reflect.DelegatingConstructorAccessorImpl.newInstance(DelegatingConstructorAccessorImpl.java:45)
	at java.lang.reflect.Constructor.newInstance(Constructor.java:408)
	at org.openqa.selenium.remote.codec.w3c.W3CHttpResponseCodec.createException(W3CHttpResponseCodec.java:196)
	at org.openqa.selenium.remote.codec.w3c.W3CHttpResponseCodec.decode(W3CHttpResponseCodec.java:129)
	at org.openqa.selenium.remote.codec.w3c.W3CHttpResponseCodec.decode(W3CHttpResponseCodec.java:53)
	at org.openqa.selenium.remote.HttpCommandExecutor.execute(HttpCommandExecutor.java:167)
	at org.openqa.selenium.remote.service.DriverCommandExecutor.execute(DriverCommandExecutor.java:123)
	at org.openqa.selenium.remote.RemoteWebDriver.execute(RemoteWebDriver.java:501)
	at org.openqa.selenium.remote.RemoteWebElement.execute(RemoteWebElement.java:238)
	at org.openqa.selenium.remote.RemoteWebElement.click(RemoteWebElement.java:79)
	at keywords.ApplicationKeywords.goToTransactionHistory(ApplicationKeywords.java:108)
	at testcases.rediff.StockManagement.verifyTransactionHistory(StockManagement.java:129)
</failure>
    <system-out>****Before Method****
Verifying transaction History for addstockfor quantity 100
Selecting the company row Birla Corporation Ltd
Checking presence of stocktable_css
Text 
Text Birla Corporation Lt
***************************Test FailedverifyTransactionHistory
element not interactable
  (Session info: chrome=88.0.4324.150)
Build info: version: &apos;4.0.0-alpha-7&apos;, revision: &apos;de8579b6d5&apos;
System info: host: &apos;DESKTOP-RTOOT5Q&apos;, ip: &apos;192.168.1.7&apos;, os.name: &apos;Windows 8.1&apos;, os.arch: &apos;amd64&apos;, os.version: &apos;6.3&apos;, java.version: &apos;1.8.0_05&apos;
Driver info: org.openqa.selenium.chrome.ChromeDriver
Capabilities {acceptInsecureCerts: false, browserName: chrome, browserVersion: 88.0.4324.150, chrome: {chromedriverVersion: 87.0.4280.88 (89e2380a3e36c..., userDataDir: C:\Users\info\AppData\Local...}, goog:chromeOptions: {debuggerAddress: localhost:55067}, javascriptEnabled: true, networkConnectionEnabled: false, pageLoadStrategy: normal, platform: WINDOWS, platformName: WINDOWS, proxy: Proxy(), setWindowRect: true, strictFileInteractability: false, timeouts: {implicit: 0, pageLoad: 300000, script: 30000}, unhandledPromptBehavior: dismiss and notify, webauthn:virtualAuthenticators: true}
Session ID: c3bcb99cb9fb4fe39affae1e19bfb46d
</system-out>
  </testcase>
  <testcase classname="testcases.rediff.PortfolioManagement" name="selectPortFolio" time="1.767"/>
  <testcase classname="testcases.rediff.StockManagement" name="verifyStockPresent" time="0.431"/>
  <testcase classname="testcases.rediff.StockManagement" name="modifyStock" time="7.047"/>
  <testcase classname="testcases.rediff.StockManagement" name="verifyStockQuantity" time="1.872"/>
  <testcase classname="testcases.rediff.StockManagement" name="verifyTransactionHistory" time="0.831"/>
  <testcase classname="testcases.rediff.PortfolioManagement" name="selectPortFolio" time="2.359"/>
  <testcase classname="testcases.rediff.StockManagement" name="verifyStockPresent" time="0.505"/>
  <testcase classname="testcases.rediff.StockManagement" name="modifyStock" time="22.105">
    <failure message="element not interactable
  (Session info: chrome=88.0.4324.150)
Build info: version: &apos;4.0.0-alpha-7&apos;, revision: &apos;de8579b6d5&apos;
System info: host: &apos;DESKTOP-RTOOT5Q&apos;, ip: &apos;192.168.1.7&apos;, os.name: &apos;Windows 8.1&apos;, os.arch: &apos;amd64&apos;, os.version: &apos;6.3&apos;, java.version: &apos;1.8.0_05&apos;
Driver info: org.openqa.selenium.chrome.ChromeDriver
Capabilities {acceptInsecureCerts: false, browserName: chrome, browserVersion: 88.0.4324.150, chrome: {chromedriverVersion: 87.0.4280.88 (89e2380a3e36c..., userDataDir: C:\Users\info\AppData\Local...}, goog:chromeOptions: {debuggerAddress: localhost:55343}, javascriptEnabled: true, networkConnectionEnabled: false, pageLoadStrategy: normal, platform: WINDOWS, platformName: WINDOWS, proxy: Proxy(), setWindowRect: true, strictFileInteractability: false, timeouts: {implicit: 0, pageLoad: 300000, script: 30000}, unhandledPromptBehavior: dismiss and notify, webauthn:virtualAuthenticators: true}
Session ID: 8dac972251c8f5c5ac38b9faee0e486c" type="org.openqa.selenium.ElementNotInteractableException">org.openqa.selenium.ElementNotInteractableException: element not interactable
  (Session info: chrome=88.0.4324.150)
Build info: version: &apos;4.0.0-alpha-7&apos;, revision: &apos;de8579b6d5&apos;
System info: host: &apos;DESKTOP-RTOOT5Q&apos;, ip: &apos;192.168.1.7&apos;, os.name: &apos;Windows 8.1&apos;, os.arch: &apos;amd64&apos;, os.version: &apos;6.3&apos;, java.version: &apos;1.8.0_05&apos;
Driver info: org.openqa.selenium.chrome.ChromeDriver
Capabilities {acceptInsecureCerts: false, browserName: chrome, browserVersion: 88.0.4324.150, chrome: {chromedriverVersion: 87.0.4280.88 (89e2380a3e36c..., userDataDir: C:\Users\info\AppData\Local...}, goog:chromeOptions: {debuggerAddress: localhost:55343}, javascriptEnabled: true, networkConnectionEnabled: false, pageLoadStrategy: normal, platform: WINDOWS, platformName: WINDOWS, proxy: Proxy(), setWindowRect: true, strictFileInteractability: false, timeouts: {implicit: 0, pageLoad: 300000, script: 30000}, unhandledPromptBehavior: dismiss and notify, webauthn:virtualAuthenticators: true}
Session ID: 8dac972251c8f5c5ac38b9faee0e486c
	at sun.reflect.NativeConstructorAccessorImpl.newInstance0(Native Method)
	at sun.reflect.NativeConstructorAccessorImpl.newInstance(NativeConstructorAccessorImpl.java:62)
	at sun.reflect.DelegatingConstructorAccessorImpl.newInstance(DelegatingConstructorAccessorImpl.java:45)
	at java.lang.reflect.Constructor.newInstance(Constructor.java:408)
	at org.openqa.selenium.remote.codec.w3c.W3CHttpResponseCodec.createException(W3CHttpResponseCodec.java:196)
	at org.openqa.selenium.remote.codec.w3c.W3CHttpResponseCodec.decode(W3CHttpResponseCodec.java:129)
	at org.openqa.selenium.remote.codec.w3c.W3CHttpResponseCodec.decode(W3CHttpResponseCodec.java:53)
	at org.openqa.selenium.remote.HttpCommandExecutor.execute(HttpCommandExecutor.java:167)
	at org.openqa.selenium.remote.service.DriverCommandExecutor.execute(DriverCommandExecutor.java:123)
	at org.openqa.selenium.remote.RemoteWebDriver.execute(RemoteWebDriver.java:501)
	at org.openqa.selenium.remote.RemoteWebElement.execute(RemoteWebElement.java:238)
	at org.openqa.selenium.remote.RemoteWebElement.click(RemoteWebElement.java:79)
	at keywords.ApplicationKeywords.goToBuySell(ApplicationKeywords.java:96)
	at testcases.rediff.StockManagement.modifyStock(StockManagement.java:53)
</failure>
    <system-out>****Before Method****
Selling 100 of company Birla Corporation Ltd
Finding current stock quantity for Birla Corporation Ltd
Checking presence of stocktable_css
Text 
Text Birla Corporation Lt
Current stock Quantity 400
Selecting the company row Birla Corporation Ltd
Checking presence of stocktable_css
Text 
Text Birla Corporation Lt
***************************Test FailedmodifyStock
element not interactable
  (Session info: chrome=88.0.4324.150)
Build info: version: &apos;4.0.0-alpha-7&apos;, revision: &apos;de8579b6d5&apos;
System info: host: &apos;DESKTOP-RTOOT5Q&apos;, ip: &apos;192.168.1.7&apos;, os.name: &apos;Windows 8.1&apos;, os.arch: &apos;amd64&apos;, os.version: &apos;6.3&apos;, java.version: &apos;1.8.0_05&apos;
Driver info: org.openqa.selenium.chrome.ChromeDriver
Capabilities {acceptInsecureCerts: false, browserName: chrome, browserVersion: 88.0.4324.150, chrome: {chromedriverVersion: 87.0.4280.88 (89e2380a3e36c..., userDataDir: C:\Users\info\AppData\Local...}, goog:chromeOptions: {debuggerAddress: localhost:55343}, javascriptEnabled: true, networkConnectionEnabled: false, pageLoadStrategy: normal, platform: WINDOWS, platformName: WINDOWS, proxy: Proxy(), setWindowRect: true, strictFileInteractability: false, timeouts: {implicit: 0, pageLoad: 300000, script: 30000}, unhandledPromptBehavior: dismiss and notify, webauthn:virtualAuthenticators: true}
Session ID: 8dac972251c8f5c5ac38b9faee0e486c
</system-out>
  </testcase>
  <testcase classname="testcases.rediff.StockManagement" name="verifyStockQuantity" time="1.601">
    <failure message="The following asserts failed:
	Quantity did not match" type="java.lang.AssertionError">java.lang.AssertionError: The following asserts failed:
	Quantity did not match
	at org.testng.asserts.SoftAssert.assertAll(SoftAssert.java:47)
	at org.testng.asserts.SoftAssert.assertAll(SoftAssert.java:31)
	at keywords.GenericKeywords.assertAll(GenericKeywords.java:174)
	at keywords.GenericKeywords.reportFailure(GenericKeywords.java:169)
	at testcases.rediff.StockManagement.verifyStockQuantity(StockManagement.java:109)
</failure>
    <system-out>****Before Method****
Verifying stock quantity after action - addstock
Finding current stock quantity for Birla Corporation Ltd
Checking presence of stocktable_css
Text 
Text Birla Corporation Lt
Current stock Quantity 400
Old Stock Quantity 400
New Stock Quantity 400
Quantity did not match
***************************Test FailedverifyStockQuantity
The following asserts failed:
	Quantity did not match
</system-out>
  </testcase>
  <testcase classname="testcases.rediff.StockManagement" name="beforeMethod" time="1.602">
    <skipped/>
    <system-out>****Before Method****
</system-out>
  </testcase>
  <testcase classname="testcases.rediff.StockManagement" name="verifyTransactionHistory" time="0.001">
    <skipped/>
    <system-out>***************************Test Skipped verifyTransactionHistory
</system-out>
  </testcase>
</testsuite>