<?xml version="1.0" encoding="UTF-8"?>
<!-- Generated by org.testng.reporters.JUnitXMLReporter -->
<testsuite hostname="DESKTOP-RTOOT5Q" ignored="6" name="Add New Stock Test" tests="15" failures="0" timestamp="2021-02-16T07:37:00 IST" time="40.64" errors="0">
  <testcase name="@BeforeTest beforeTest" time="0.647" classname="testbase.BaseTest">
    <failure type="java.lang.NullPointerException">
      <![CDATA[java.lang.NullPointerException
at keywords.GenericKeywords.openBrowser(GenericKeywords.java:80)
at testbase.BaseTest.beforeTest(BaseTest.java:45)
at java.util.concurrent.FutureTask.run(FutureTask.java:266)
at java.util.concurrent.ThreadPoolExecutor.runWorker(ThreadPoolExecutor.java:1142)
at java.util.concurrent.ThreadPoolExecutor$Worker.run(ThreadPoolExecutor.java:617)
at java.lang.Thread.run(Thread.java:745)
... Removed 16 stack frames]]>
    </failure>
  </testcase> <!-- @BeforeTest beforeTest -->
  <testcase name="selectPortFolio" time="0.0" classname="testcases.rediff.PortfolioManagement">
    <skipped/>
  </testcase> <!-- selectPortFolio -->
  <testcase name="selectPortFolio" time="0.0" classname="testcases.rediff.PortfolioManagement">
    <skipped/>
  </testcase> <!-- selectPortFolio -->
  <testcase name="verifyStockPresent" time="0.0" classname="testcases.rediff.StockManagement">
    <skipped/>
  </testcase> <!-- verifyStockPresent -->
  <testcase name="verifyStockPresent" time="0.0" classname="testcases.rediff.StockManagement">
    <skipped/>
  </testcase> <!-- verifyStockPresent -->
  <testcase name="modifyStock" time="0.0" classname="testcases.rediff.StockManagement">
    <skipped/>
  </testcase> <!-- modifyStock -->
  <testcase name="modifyStock" time="0.0" classname="testcases.rediff.StockManagement">
    <skipped/>
  </testcase> <!-- modifyStock -->
  <testcase name="verifyStockQuantity" time="0.0" classname="testcases.rediff.StockManagement">
    <skipped/>
  </testcase> <!-- verifyStockQuantity -->
  <testcase name="verifyStockQuantity" time="0.0" classname="testcases.rediff.StockManagement">
    <skipped/>
  </testcase> <!-- verifyStockQuantity -->
  <testcase name="verifyTransactionHistory" time="0.0" classname="testcases.rediff.StockManagement">
    <skipped/>
  </testcase> <!-- verifyTransactionHistory -->
  <testcase name="verifyTransactionHistory" time="0.0" classname="testcases.rediff.StockManagement">
    <skipped/>
  </testcase> <!-- verifyTransactionHistory -->
  <testcase name="selectPortFolio" time="1.85" classname="testcases.rediff.PortfolioManagement"/>
  <testcase name="addNewStock" time="12.69" classname="testcases.rediff.StockManagement"/>
  <testcase name="verifyStockPresent" time="0.305" classname="testcases.rediff.StockManagement"/>
  <testcase name="verifyStockQuantity" time="0.391" classname="testcases.rediff.StockManagement"/>
  <testcase name="verifyTransactionHistory" time="0.887" classname="testcases.rediff.StockManagement"/>
  <testcase name="@BeforeTest beforeTest" time="0.0" classname="testbase.BaseTest">
    <ignored/>
  </testcase> <!-- @BeforeTest beforeTest -->
  <testcase name="deletePortfolio" time="0.0" classname="testcases.rediff.PortfolioManagement">
    <ignored/>
  </testcase> <!-- deletePortfolio -->
  <testcase name="verifyStockAvgBuyPrice" time="0.0" classname="testcases.rediff.StockManagement">
    <ignored/>
  </testcase> <!-- verifyStockAvgBuyPrice -->
  <testcase name="modifyStock" time="0.0" classname="testcases.rediff.StockManagement">
    <ignored/>
  </testcase> <!-- modifyStock -->
  <testcase name="@AfterTest quit" time="0.0" classname="testbase.BaseTest">
    <ignored/>
  </testcase> <!-- @AfterTest quit -->
  <testcase name="createPortfolio" time="0.0" classname="testcases.rediff.PortfolioManagement">
    <ignored/>
  </testcase> <!-- createPortfolio -->
</testsuite> <!-- Add New Stock Test -->
