<?xml version="1.0" encoding="UTF-8"?>
<!-- Generated by org.testng.reporters.JUnitXMLReporter -->
<testsuite hostname="DESKTOP-RTOOT5Q" ignored="6" name="Modify Stock Test - Sell Stock" tests="5" failures="0" timestamp="2021-02-15T07:31:56 IST" time="56.665" errors="0">
  <testcase name="selectPortFolio" time="1.761" classname="testcases.rediff.PortfolioManagement"/>
  <testcase name="verifyStockPresent" time="0.435" classname="testcases.rediff.StockManagement"/>
  <testcase name="modifyStock" time="7.046" classname="testcases.rediff.StockManagement"/>
  <testcase name="verifyStockQuantity" time="1.866" classname="testcases.rediff.StockManagement"/>
  <testcase name="verifyTransactionHistory" time="0.836" classname="testcases.rediff.StockManagement"/>
  <testcase name="@BeforeTest beforeTest" time="0.0" classname="testbase.BaseTest">
    <ignored/>
  </testcase> <!-- @BeforeTest beforeTest -->
  <testcase name="deletePortfolio" time="0.0" classname="testcases.rediff.PortfolioManagement">
    <ignored/>
  </testcase> <!-- deletePortfolio -->
  <testcase name="verifyStockAvgBuyPrice" time="0.0" classname="testcases.rediff.StockManagement">
    <ignored/>
  </testcase> <!-- verifyStockAvgBuyPrice -->
  <testcase name="@AfterTest quit" time="0.0" classname="testbase.BaseTest">
    <ignored/>
  </testcase> <!-- @AfterTest quit -->
  <testcase name="createPortfolio" time="0.0" classname="testcases.rediff.PortfolioManagement">
    <ignored/>
  </testcase> <!-- createPortfolio -->
  <testcase name="addNewStock" time="0.0" classname="testcases.rediff.StockManagement">
    <ignored/>
  </testcase> <!-- addNewStock -->
</testsuite> <!-- Modify Stock Test - Sell Stock -->
